<?xml version="1.0" encoding="UTF-8"?>
<!-- Generated by org.testng.reporters.JUnitReportReporter -->
<testsuite hostname="DESKTOP-4COMNSG" failures="0" tests="1" name="Runner.TestRunner" time="17.676" errors="0" timestamp="2021-02-22T14:42:56 GMT" skipped="0">
  <testcase classname="Runner.TestRunner" name="feature" time="17.676"/>
  <system-out/>
</testsuite> <!-- Runner.TestRunner -->
