<?xml version="1.0" encoding="UTF-8"?>
<!-- Generated by org.testng.reporters.JUnitReportReporter -->
<testsuite hostname="DESKTOP-4COMNSG" failures="0" tests="1" name="Runner.TestRunner" time="24.011" errors="0" timestamp="2021-02-23T16:18:04 GMT" skipped="0">
  <testcase classname="Runner.TestRunner" name="feature" time="24.011"/>
  <system-out/>
</testsuite> <!-- Runner.TestRunner -->
