<?xml version="1.0" encoding="UTF-8"?>
<!-- Generated by org.testng.reporters.JUnitReportReporter -->
<testsuite hostname="DESKTOP-4COMNSG" failures="0" tests="1" name="Runner.TestRunner" time="20.745" errors="0" timestamp="19 Feb 2021 17:09:03 GMT">
  <testcase classname="Runner.TestRunner" name="feature" time="20.745"/>
</testsuite> <!-- Runner.TestRunner -->
